<?xml version="1.0" encoding="UTF-8"?>
<testng-results skipped="0" failed="0" total="2" passed="2">
  <reporter-output>
    <line>
      <![CDATA[<a href='C:\Users\Sandeep\workspace\POMmaven\src\main\java\com\test\POMmaven\POMmaven\success_screenshots\verifybyinvlidlogin_15_04_2018_02_14_03.png'> <img src='C:\Users\Sandeep\workspace\POMmaven\src\main\java\com\test\POMmaven\POMmaven\success_screenshots\verifybyinvlidlogin_15_04_2018_02_14_03.png' height='100' width='100'/> </a>]]>
    </line>
    <line>
      <![CDATA[<a href='C:\Users\Sandeep\workspace\POMmaven\src\main\java\com\test\POMmaven\POMmaven\success_screenshots\verifyregistration_15_04_2018_02_14_33.png'> <img src='C:\Users\Sandeep\workspace\POMmaven\src\main\java\com\test\POMmaven\POMmaven\success_screenshots\verifyregistration_15_04_2018_02_14_33.png' height='100' width='100'/> </a>]]>
    </line>
  </reporter-output>
  <suite name="Regression Suites" duration-ms="147024" started-at="2018-04-15T08:42:07Z" finished-at="2018-04-15T08:44:34Z">
    <groups>
    </groups>
    <test name="TC02_VerifyRegistration" duration-ms="147024" started-at="2018-04-15T08:42:07Z" finished-at="2018-04-15T08:44:34Z">
      <class name="com.test.POMmaven.POMmaven.homepage.TC02_VerifyRegistration">
        <test-method status="PASS" signature="verifyregistration()[pri:0, instance:com.test.POMmaven.POMmaven.homepage.TC02_VerifyRegistration@2d6e8792]" name="verifyregistration" duration-ms="29464" started-at="2018-04-15T14:14:03Z" finished-at="2018-04-15T14:14:33Z">
          <reporter-output>
            <line>
              <![CDATA[<a href='C:\Users\Sandeep\workspace\POMmaven\src\main\java\com\test\POMmaven\POMmaven\success_screenshots\verifyregistration_15_04_2018_02_14_33.png'> <img src='C:\Users\Sandeep\workspace\POMmaven\src\main\java\com\test\POMmaven\POMmaven\success_screenshots\verifyregistration_15_04_2018_02_14_33.png' height='100' width='100'/> </a>]]>
            </line>
          </reporter-output>
        </test-method> <!-- verifyregistration -->
      </class> <!-- com.test.POMmaven.POMmaven.homepage.TC02_VerifyRegistration -->
      <class name="com.test.POMmaven.POMmaven.homepage.TC01_verifyInvaidLogin">
        <test-method status="PASS" signature="setup()[pri:0, instance:com.test.POMmaven.POMmaven.homepage.TC01_verifyInvaidLogin@34ce8af7]" name="setup" is-config="true" duration-ms="51975" started-at="2018-04-15T14:12:07Z" finished-at="2018-04-15T14:12:58Z">
          <reporter-output>
          </reporter-output>
        </test-method> <!-- setup -->
        <test-method status="PASS" signature="setup()[pri:0, instance:com.test.POMmaven.POMmaven.homepage.TC02_VerifyRegistration@2d6e8792]" name="setup" is-config="true" duration-ms="58585" started-at="2018-04-15T14:12:58Z" finished-at="2018-04-15T14:13:57Z">
          <reporter-output>
          </reporter-output>
        </test-method> <!-- setup -->
        <test-method status="PASS" signature="verifybyinvlidlogin()[pri:0, instance:com.test.POMmaven.POMmaven.homepage.TC01_verifyInvaidLogin@34ce8af7]" name="verifybyinvlidlogin" duration-ms="5972" started-at="2018-04-15T14:13:57Z" finished-at="2018-04-15T14:14:03Z">
          <reporter-output>
            <line>
              <![CDATA[<a href='C:\Users\Sandeep\workspace\POMmaven\src\main\java\com\test\POMmaven\POMmaven\success_screenshots\verifybyinvlidlogin_15_04_2018_02_14_03.png'> <img src='C:\Users\Sandeep\workspace\POMmaven\src\main\java\com\test\POMmaven\POMmaven\success_screenshots\verifybyinvlidlogin_15_04_2018_02_14_03.png' height='100' width='100'/> </a>]]>
            </line>
          </reporter-output>
        </test-method> <!-- verifybyinvlidlogin -->
        <test-method status="PASS" signature="endTest()[pri:0, instance:com.test.POMmaven.POMmaven.homepage.TC01_verifyInvaidLogin@34ce8af7]" name="endTest" is-config="true" duration-ms="195" started-at="2018-04-15T14:14:33Z" finished-at="2018-04-15T14:14:33Z">
          <reporter-output>
          </reporter-output>
        </test-method> <!-- endTest -->
        <test-method status="FAIL" signature="endTest()[pri:0, instance:com.test.POMmaven.POMmaven.homepage.TC02_VerifyRegistration@2d6e8792]" name="endTest" is-config="true" duration-ms="0" started-at="2018-04-15T14:14:33Z" finished-at="2018-04-15T14:14:33Z">
          <exception class="org.openqa.selenium.NoSuchSessionException">
            <message>
              <![CDATA[no such session
  (Driver info: chromedriver=2.36.540470 (e522d04694c7ebea4ba8821272dbef4f9b818c91),platform=Windows NT 6.1.7601 SP1 x86_64) (WARNING: The server did not provide any stacktrace information)
Command duration or timeout: 0 milliseconds
Build info: version: '3.6.0', revision: '6fbf3ec767', time: '2017-09-27T15:28:36.4Z'
System info: host: 'SANDEEP-PC', ip: '192.168.43.183', os.name: 'Windows 7', os.arch: 'amd64', os.version: '6.1', java.version: '1.8.0_161'
Driver info: org.openqa.selenium.chrome.ChromeDriver
Capabilities [{mobileEmulationEnabled=false, hasTouchScreen=false, platform=XP, acceptSslCerts=false, acceptInsecureCerts=false, webStorageEnabled=true, browserName=chrome, takesScreenshot=true, javascriptEnabled=true, platformName=XP, setWindowRect=true, unexpectedAlertBehaviour=, applicationCacheEnabled=false, rotatable=false, networkConnectionEnabled=false, chrome={chromedriverVersion=2.36.540470 (e522d04694c7ebea4ba8821272dbef4f9b818c91), userDataDir=C:\Users\Sandeep\AppData\Local\Temp\scoped_dir8844_2844}, takesHeapSnapshot=true, pageLoadStrategy=normal, unhandledPromptBehavior=, databaseEnabled=false, handlesAlerts=true, version=65.0.3325.181, browserConnectionEnabled=false, nativeEvents=true, locationContextEnabled=true, cssSelectorsEnabled=true}]
Session ID: 3921ae7ca2e5d1c3f7f713a333455379]]>
            </message>
            <full-stacktrace>
              <![CDATA[org.openqa.selenium.NoSuchSessionException: no such session
  (Driver info: chromedriver=2.36.540470 (e522d04694c7ebea4ba8821272dbef4f9b818c91),platform=Windows NT 6.1.7601 SP1 x86_64) (WARNING: The server did not provide any stacktrace information)
Command duration or timeout: 0 milliseconds
Build info: version: '3.6.0', revision: '6fbf3ec767', time: '2017-09-27T15:28:36.4Z'
System info: host: 'SANDEEP-PC', ip: '192.168.43.183', os.name: 'Windows 7', os.arch: 'amd64', os.version: '6.1', java.version: '1.8.0_161'
Driver info: org.openqa.selenium.chrome.ChromeDriver
Capabilities [{mobileEmulationEnabled=false, hasTouchScreen=false, platform=XP, acceptSslCerts=false, acceptInsecureCerts=false, webStorageEnabled=true, browserName=chrome, takesScreenshot=true, javascriptEnabled=true, platformName=XP, setWindowRect=true, unexpectedAlertBehaviour=, applicationCacheEnabled=false, rotatable=false, networkConnectionEnabled=false, chrome={chromedriverVersion=2.36.540470 (e522d04694c7ebea4ba8821272dbef4f9b818c91), userDataDir=C:\Users\Sandeep\AppData\Local\Temp\scoped_dir8844_2844}, takesHeapSnapshot=true, pageLoadStrategy=normal, unhandledPromptBehavior=, databaseEnabled=false, handlesAlerts=true, version=65.0.3325.181, browserConnectionEnabled=false, nativeEvents=true, locationContextEnabled=true, cssSelectorsEnabled=true}]
Session ID: 3921ae7ca2e5d1c3f7f713a333455379
	at sun.reflect.NativeConstructorAccessorImpl.newInstance0(Native Method)
	at sun.reflect.NativeConstructorAccessorImpl.newInstance(NativeConstructorAccessorImpl.java:62)
	at sun.reflect.DelegatingConstructorAccessorImpl.newInstance(DelegatingConstructorAccessorImpl.java:45)
	at java.lang.reflect.Constructor.newInstance(Constructor.java:423)
	at org.openqa.selenium.remote.ErrorHandler.createThrowable(ErrorHandler.java:214)
	at org.openqa.selenium.remote.ErrorHandler.throwIfResponseFailed(ErrorHandler.java:166)
	at org.openqa.selenium.remote.http.JsonHttpResponseCodec.reconstructValue(JsonHttpResponseCodec.java:40)
	at org.openqa.selenium.remote.http.AbstractHttpResponseCodec.decode(AbstractHttpResponseCodec.java:82)
	at org.openqa.selenium.remote.http.AbstractHttpResponseCodec.decode(AbstractHttpResponseCodec.java:45)
	at org.openqa.selenium.remote.HttpCommandExecutor.execute(HttpCommandExecutor.java:164)
	at org.openqa.selenium.remote.service.DriverCommandExecutor.execute(DriverCommandExecutor.java:83)
	at org.openqa.selenium.remote.RemoteWebDriver.execute(RemoteWebDriver.java:586)
	at org.openqa.selenium.remote.RemoteWebDriver.execute(RemoteWebDriver.java:643)
	at org.openqa.selenium.remote.RemoteWebDriver.close(RemoteWebDriver.java:472)
	at com.test.POMmaven.POMmaven.homepage.TC02_VerifyRegistration.endTest(TC02_VerifyRegistration.java:39)
	at sun.reflect.NativeMethodAccessorImpl.invoke0(Native Method)
	at sun.reflect.NativeMethodAccessorImpl.invoke(NativeMethodAccessorImpl.java:62)
	at sun.reflect.DelegatingMethodAccessorImpl.invoke(DelegatingMethodAccessorImpl.java:43)
	at java.lang.reflect.Method.invoke(Method.java:498)
	at org.testng.internal.MethodInvocationHelper.invokeMethod(MethodInvocationHelper.java:80)
	at org.testng.internal.Invoker.invokeConfigurationMethod(Invoker.java:564)
	at org.testng.internal.Invoker.invokeConfigurations(Invoker.java:213)
	at org.testng.internal.Invoker.invokeConfigurations(Invoker.java:138)
	at org.testng.TestRunner.afterRun(TestRunner.java:1021)
	at org.testng.TestRunner.run(TestRunner.java:621)
	at org.testng.SuiteRunner.runTest(SuiteRunner.java:334)
	at org.testng.SuiteRunner.access$000(SuiteRunner.java:37)
	at org.testng.SuiteRunner$SuiteWorker.run(SuiteRunner.java:368)
	at org.testng.internal.thread.ThreadUtil$2.call(ThreadUtil.java:64)
	at java.util.concurrent.FutureTask.run(FutureTask.java:266)
	at java.util.concurrent.ThreadPoolExecutor.runWorker(ThreadPoolExecutor.java:1149)
	at java.util.concurrent.ThreadPoolExecutor$Worker.run(ThreadPoolExecutor.java:624)
	at java.lang.Thread.run(Thread.java:748)
]]>
            </full-stacktrace>
          </exception> <!-- org.openqa.selenium.NoSuchSessionException -->
          <reporter-output>
          </reporter-output>
        </test-method> <!-- endTest -->
      </class> <!-- com.test.POMmaven.POMmaven.homepage.TC01_verifyInvaidLogin -->
    </test> <!-- TC02_VerifyRegistration -->
  </suite> <!-- Regression Suites -->
</testng-results>
